[35m[1mConsolidate compiler generated dependencies of target queue_system_exe[0m
[ 50%] [32mBuilding CXX object CMakeFiles/queue_system_exe.dir/src/main.cpp.o[0m
[01m[K/home/matheus/repos/queue_system_ros2/src/queue_system/src/main.cpp:[m[K In function â€˜[01m[Kvoid on_pad_added(GstElement*, GstPad*, gpointer)[m[Kâ€™:
[01m[K/home/matheus/repos/queue_system_ros2/src/queue_system/src/main.cpp:4:38:[m[K [01;35m[Kwarning: [m[Kunused parameter â€˜[01m[Kelement[m[Kâ€™ [[01;35m[K]8;;https://gcc.gnu.org/onlinedocs/gcc/Warning-Options.html#index-Wunused-parameter-Wunused-parameter]8;;[m[K]
    4 | static void on_pad_added([01;35m[KGstElement *element[m[K, GstPad *pad, gpointer data) {
      |                          [01;35m[K~~~~~~~~~~~~^~~~~~~[m[K
[01m[K/home/matheus/repos/queue_system_ros2/src/queue_system/src/main.cpp:[m[K In function â€˜[01m[Kint main(int, char**)[m[Kâ€™:
[01m[K/home/matheus/repos/queue_system_ros2/src/queue_system/src/main.cpp:23:13:[m[K [01;35m[Kwarning: [m[Ksuggest parentheses around assignment used as truth value [[01;35m[K]8;;https://gcc.gnu.org/onlinedocs/gcc/Warning-Options.html#index-Wparentheses-Wparentheses]8;;[m[K]
   23 |     if([01;35m[Kargc =! 2[m[K){
      |        [01;35m[K~~~~~^~~~[m[K
[01m[K/home/matheus/repos/queue_system_ros2/src/queue_system/src/main.cpp:41:21:[m[K [01;35m[Kwarning: [m[Kmissing sentinel in function call [[01;35m[K]8;;https://gcc.gnu.org/onlinedocs/gcc/Warning-Options.html#index-Wformat=-Wformat=]8;;[m[K]
   41 |     [01;35m[Kgst_bin_add_many(GST_BIN(pipeline), source, decoder, converter, video_sink)[m[K;
      |     [01;35m[K~~~~~~~~~~~~~~~~^~~~~~~~~~~~~~~~~~~~~~~~~~~~~~~~~~~~~~~~~~~~~~~~~~~~~~~~~~~[m[K
[01m[K/home/matheus/repos/queue_system_ros2/src/queue_system/src/main.cpp:47:5:[m[K [01;31m[Kerror: [m[Kâ€˜[01m[Kloop[m[Kâ€™ was not declared in this scope
   47 |     [01;31m[Kloop[m[K = g_main_loop_new(NULL, FALSE);
      |     [01;31m[K^~~~[m[K
[01m[K/home/matheus/repos/queue_system_ros2/src/queue_system/src/main.cpp:51:82:[m[K [01;31m[Kerror: [m[Kinvalid conversion from â€˜[01m[Kint[m[Kâ€™ to â€˜[01m[KGstMessageType[m[Kâ€™ [[01;31m[K]8;;https://gcc.gnu.org/onlinedocs/gcc/Warning-Options.html#index-fpermissive-fpermissive]8;;[m[K]
   51 |     msg = gst_bus_timed_pop_filtered(bus, GST_CLOCK_TIME_NONE, [01;31m[KGST_MESSAGE_ERROR | GST_MESSAGE_EOS[m[K);
      |                                                                [01;31m[K~~~~~~~~~~~~~~~~~~^~~~~~~~~~~~~~~~~[m[K
      |                                                                                  [01;31m[K|[m[K
      |                                                                                  [01;31m[Kint[m[K
In file included from [01m[K/usr/include/gstreamer-1.0/gst/gstelement.h:224[m[K,
                 from [01m[K/usr/include/gstreamer-1.0/gst/gstbin.h:27[m[K,
                 from [01m[K/usr/include/gstreamer-1.0/gst/gst.h:35[m[K,
                 from [01m[K/home/matheus/repos/queue_system_ros2/src/queue_system/src/main.cpp:1[m[K:
[01m[K/usr/include/gstreamer-1.0/gst/gstbus.h:183:109:[m[K [01;36m[Knote: [m[K  initializing argument 3 of â€˜[01m[KGstMessage* gst_bus_timed_pop_filtered(GstBus*, GstClockTime, GstMessageType)[m[Kâ€™
  183 | GstMessage *            gst_bus_timed_pop_filtered      (GstBus * bus, GstClockTime timeout, [01;36m[KGstMessageType types[m[K);
      |                                                                                              [01;36m[K~~~~~~~~~~~~~~~^~~~~[m[K
[01m[K/home/matheus/repos/queue_system_ros2/src/queue_system/src/main.cpp:19:13:[m[K [01;35m[Kwarning: [m[Kunused variable â€˜[01m[Kerror[m[Kâ€™ [[01;35m[K]8;;https://gcc.gnu.org/onlinedocs/gcc/Warning-Options.html#index-Wunused-variable-Wunused-variable]8;;[m[K]
   19 |     GError *[01;35m[Kerror[m[K = NULL;
      |             [01;35m[K^~~~~[m[K
gmake[2]: *** [CMakeFiles/queue_system_exe.dir/build.make:76: CMakeFiles/queue_system_exe.dir/src/main.cpp.o] Error 1
gmake[1]: *** [CMakeFiles/Makefile2:137: CMakeFiles/queue_system_exe.dir/all] Error 2
gmake: *** [Makefile:146: all] Error 2
