[01m[K/home/matheus/repos/queue_system_ros2/src/queue_system/src/main.cpp:[m[K In function â€˜[01m[Kint main(int, char**)[m[Kâ€™:
[01m[K/home/matheus/repos/queue_system_ros2/src/queue_system/src/main.cpp:13:13:[m[K [01;35m[Kwarning: [m[Ksuggest parentheses around assignment used as truth value [[01;35m[K]8;;https://gcc.gnu.org/onlinedocs/gcc/Warning-Options.html#index-Wparentheses-Wparentheses]8;;[m[K]
   13 |     if([01;35m[Kargc =! 2[m[K){
      |        [01;35m[K~~~~~^~~~[m[K
[01m[K/home/matheus/repos/queue_system_ros2/src/queue_system/src/main.cpp:25:58:[m[K [01;31m[Kerror: [m[Kexpected primary-expression before â€˜[01m[K)[m[Kâ€™ token
   25 |     if(!pipeline || !source || !decoder || !video_sink ||[01;31m[K)[m[K{
      |                                                          [01;31m[K^[m[K
[01m[K/home/matheus/repos/queue_system_ros2/src/queue_system/src/main.cpp:31:26:[m[K [01;35m[Kwarning: [m[Kmissing sentinel in function call [[01;35m[K]8;;https://gcc.gnu.org/onlinedocs/gcc/Warning-Options.html#index-Wformat=-Wformat=]8;;[m[K]
   31 |     if (![01;35m[Kgst_bin_add_many(GST_BIN(pipeline), source, decoder, converter, video_sink)[m[K){
      |          [01;35m[K~~~~~~~~~~~~~~~~^~~~~~~~~~~~~~~~~~~~~~~~~~~~~~~~~~~~~~~~~~~~~~~~~~~~~~~~~~~[m[K
[01m[K/home/matheus/repos/queue_system_ros2/src/queue_system/src/main.cpp:31:26:[m[K [01;31m[Kerror: [m[Kcould not convert â€˜[01m[Kgst_bin_add_many(((GstBin*)((void*)g_type_check_instance_cast(((GTypeInstance*)pipeline), gst_bin_get_type()))), source, decoder, converter, video_sink)[m[Kâ€™ from â€˜[01m[Kvoid[m[Kâ€™ to â€˜[01m[Kbool[m[Kâ€™
   31 |     if (![01;31m[Kgst_bin_add_many(GST_BIN(pipeline), source, decoder, converter, video_sink)[m[K){
      |          [01;31m[K~~~~~~~~~~~~~~~~^~~~~~~~~~~~~~~~~~~~~~~~~~~~~~~~~~~~~~~~~~~~~~~~~~~~~~~~~~~[m[K
      |                          [01;31m[K|[m[K
      |                          [01;31m[Kvoid[m[K
[01m[K/home/matheus/repos/queue_system_ros2/src/queue_system/src/main.cpp:31:26:[m[K [01;31m[Kerror: [m[Kin argument to unary !
In file included from [01m[K/usr/include/glib-2.0/gobject/gobject.h:28[m[K,
                 from [01m[K/usr/include/glib-2.0/gobject/gbinding.h:29[m[K,
                 from [01m[K/usr/include/glib-2.0/glib-object.h:22[m[K,
                 from [01m[K/usr/include/gstreamer-1.0/gst/gstenumtypes.h:6[m[K,
                 from [01m[K/usr/include/gstreamer-1.0/gst/gst.h:31[m[K,
                 from [01m[K/home/matheus/repos/queue_system_ros2/src/queue_system/src/main.cpp:1[m[K:
[01m[K/home/matheus/repos/queue_system_ros2/src/queue_system/src/main.cpp:36:55:[m[K [01;31m[Kerror: [m[Kâ€˜[01m[Kon_pad_added[m[Kâ€™ was not declared in this scope
   36 |     g_signal_connect(decoder, "pad-added", G_CALLBACK([01;31m[Kon_pad_added[m[K), converter);
      |                                                       [01;31m[K^~~~~~~~~~~~[m[K
[01m[K/usr/include/glib-2.0/gobject/gsignal.h:508:60:[m[K [01;36m[Knote: [m[Kin definition of macro â€˜[01m[Kg_signal_connect[m[Kâ€™
  508 |     g_signal_connect_data ((instance), (detailed_signal), ([01;36m[Kc_handler[m[K), (data), NULL, (GConnectFlags) 0)
      |                                                            [01;36m[K^~~~~~~~~[m[K
[01m[K/home/matheus/repos/queue_system_ros2/src/queue_system/src/main.cpp:36:44:[m[K [01;36m[Knote: [m[Kin expansion of macro â€˜[01m[KG_CALLBACK[m[Kâ€™
   36 |     g_signal_connect(decoder, "pad-added", [01;36m[KG_CALLBACK[m[K(on_pad_added), converter);
      |                                            [01;36m[K^~~~~~~~~~[m[K
[01m[K/home/matheus/repos/queue_system_ros2/src/queue_system/src/main.cpp:39:5:[m[K [01;31m[Kerror: [m[Kâ€˜[01m[Kloop[m[Kâ€™ was not declared in this scope
   39 |     [01;31m[Kloop[m[K = g_main_loop_new(NULL, FALSE);
      |     [01;31m[K^~~~[m[K
[01m[K/home/matheus/repos/queue_system_ros2/src/queue_system/src/main.cpp:43:82:[m[K [01;31m[Kerror: [m[Kinvalid conversion from â€˜[01m[Kint[m[Kâ€™ to â€˜[01m[KGstMessageType[m[Kâ€™ [[01;31m[K]8;;https://gcc.gnu.org/onlinedocs/gcc/Warning-Options.html#index-fpermissive-fpermissive]8;;[m[K]
   43 |     msg = gst_bus_timed_pop_filtered(bus, GST_CLOCK_TIME_NONE, [01;31m[KGST_MESSAGE_ERROR | GST_MESSAGE_EOS[m[K);
      |                                                                [01;31m[K~~~~~~~~~~~~~~~~~~^~~~~~~~~~~~~~~~~[m[K
      |                                                                                  [01;31m[K|[m[K
      |                                                                                  [01;31m[Kint[m[K
In file included from [01m[K/usr/include/gstreamer-1.0/gst/gstelement.h:224[m[K,
                 from [01m[K/usr/include/gstreamer-1.0/gst/gstbin.h:27[m[K,
                 from [01m[K/usr/include/gstreamer-1.0/gst/gst.h:35[m[K,
                 from [01m[K/home/matheus/repos/queue_system_ros2/src/queue_system/src/main.cpp:1[m[K:
[01m[K/usr/include/gstreamer-1.0/gst/gstbus.h:183:109:[m[K [01;36m[Knote: [m[K  initializing argument 3 of â€˜[01m[KGstMessage* gst_bus_timed_pop_filtered(GstBus*, GstClockTime, GstMessageType)[m[Kâ€™
  183 | GstMessage *            gst_bus_timed_pop_filtered      (GstBus * bus, GstClockTime timeout, [01;36m[KGstMessageType types[m[K);
      |                                                                                              [01;36m[K~~~~~~~~~~~~~~~^~~~~[m[K
[01m[K/home/matheus/repos/queue_system_ros2/src/queue_system/src/main.cpp:9:13:[m[K [01;35m[Kwarning: [m[Kunused variable â€˜[01m[Kerror[m[Kâ€™ [[01;35m[K]8;;https://gcc.gnu.org/onlinedocs/gcc/Warning-Options.html#index-Wunused-variable-Wunused-variable]8;;[m[K]
    9 |     GError *[01;35m[Kerror[m[K = NULL;
      |             [01;35m[K^~~~~[m[K
gmake[2]: *** [CMakeFiles/queue_system_exe.dir/build.make:76: CMakeFiles/queue_system_exe.dir/src/main.cpp.o] Error 1
gmake[1]: *** [CMakeFiles/Makefile2:137: CMakeFiles/queue_system_exe.dir/all] Error 2
gmake: *** [Makefile:146: all] Error 2
