[0.042s] Invoking command in '/home/matheus/repos/queue_system_ros2/build/queue_system': CMAKE_PREFIX_PATH=/opt/ros/humble /usr/bin/cmake /home/matheus/repos/queue_system_ros2/src/queue_system -DCMAKE_INSTALL_PREFIX=/home/matheus/repos/queue_system_ros2/install/queue_system
[0.053s] -- Found ament_cmake: 1.3.8 (/opt/ros/humble/share/ament_cmake/cmake)
[0.137s] -- Found rclcpp: 16.0.8 (/opt/ros/humble/share/rclcpp/cmake)
[0.168s] -- Found rosidl_generator_c: 3.1.5 (/opt/ros/humble/share/rosidl_generator_c/cmake)
[0.169s] -- Found rosidl_adapter: 3.1.5 (/opt/ros/humble/share/rosidl_adapter/cmake)
[0.173s] -- Found rosidl_generator_cpp: 3.1.5 (/opt/ros/humble/share/rosidl_generator_cpp/cmake)
[0.181s] -- Using all available rosidl_typesupport_c: rosidl_typesupport_fastrtps_c;rosidl_typesupport_introspection_c
[0.191s] -- Using all available rosidl_typesupport_cpp: rosidl_typesupport_fastrtps_cpp;rosidl_typesupport_introspection_cpp
[0.231s] -- Found rmw_implementation_cmake: 6.1.1 (/opt/ros/humble/share/rmw_implementation_cmake/cmake)
[0.231s] -- Found rmw_fastrtps_cpp: 6.2.6 (/opt/ros/humble/share/rmw_fastrtps_cpp/cmake)
[0.328s] -- Using RMW implementation 'rmw_fastrtps_cpp' as default
[0.433s] -- Found gazebo_ros: 3.7.0 (/opt/ros/humble/share/gazebo_ros/cmake)
[0.457s] -- Found DART: /usr/include (Required is at least version "6.6") found components: dart 
[0.477s] -- Found Protobuf: /usr/lib/x86_64-linux-gnu/libprotobuf.so (found version "3.12.4") 
[0.479s] -- Looking for ignition-math6 -- found version 6.15.1
[0.482s] -- Searching for dependencies of ignition-math6
[0.483s] -- Looking for OGRE...
[0.487s] -- Found Ogre Ghadamon (1.9.0)
[0.487s] -- Found OGRE: optimized;/usr/lib/x86_64-linux-gnu/libOgreMain.so;debug;/usr/lib/x86_64-linux-gnu/libOgreMain.so
[0.494s] -- Looking for OGRE_Paging...
[0.494s] -- Found OGRE_Paging: optimized;/usr/lib/x86_64-linux-gnu/libOgrePaging.so;debug;/usr/lib/x86_64-linux-gnu/libOgrePaging.so
[0.494s] -- Looking for OGRE_Terrain...
[0.494s] -- Found OGRE_Terrain: optimized;/usr/lib/x86_64-linux-gnu/libOgreTerrain.so;debug;/usr/lib/x86_64-linux-gnu/libOgreTerrain.so
[0.494s] -- Looking for OGRE_Property...
[0.495s] -- Found OGRE_Property: optimized;/usr/lib/x86_64-linux-gnu/libOgreProperty.so;debug;/usr/lib/x86_64-linux-gnu/libOgreProperty.so
[0.495s] -- Looking for OGRE_RTShaderSystem...
[0.495s] -- Found OGRE_RTShaderSystem: optimized;/usr/lib/x86_64-linux-gnu/libOgreRTShaderSystem.so;debug;/usr/lib/x86_64-linux-gnu/libOgreRTShaderSystem.so
[0.495s] -- Looking for OGRE_Volume...
[0.495s] -- Found OGRE_Volume: optimized;/usr/lib/x86_64-linux-gnu/libOgreVolume.so;debug;/usr/lib/x86_64-linux-gnu/libOgreVolume.so
[0.495s] -- Looking for OGRE_Overlay...
[0.495s] -- Found OGRE_Overlay: optimized;/usr/lib/x86_64-linux-gnu/libOgreOverlay.so;debug;/usr/lib/x86_64-linux-gnu/libOgreOverlay.so
[0.569s] -- Looking for ignition-math6 -- found version 6.15.1
[0.569s] -- Looking for ignition-transport8 -- found version 8.2.1
[0.570s] -- Searching for dependencies of ignition-transport8
[0.586s] -- Found Protobuf: /usr/lib/x86_64-linux-gnu/libprotobuf.so (found suitable version "3.12.4", minimum required is "3") 
[0.596s] -- Config-file not installed for ZeroMQ -- checking for pkg-config
[0.600s] -- Checking for module 'libzmq >= 4'
[0.612s] --   Found libzmq , version 4.3.4
[0.649s] -- Checking for module 'uuid'
[0.660s] --   Found uuid, version 2.37.2
[0.690s] -- Looking for ignition-msgs5 -- found version 5.8.1
[0.690s] -- Searching for dependencies of ignition-msgs5
[0.706s] -- Looking for ignition-math6 -- found version 6.15.1
[0.710s] -- Checking for module 'tinyxml2'
[0.721s] --   Found tinyxml2, version 9.0.0
[0.751s] -- Looking for ignition-msgs5 -- found version 5.8.1
[0.752s] -- Looking for ignition-common3 -- found version 3.14.0
[0.752s] -- Searching for dependencies of ignition-common3
[0.752s] -- Looking for dlfcn.h - found
[0.752s] -- Looking for libdl - found
[0.760s] -- Searching for <ignition-common3> component [graphics]
[0.761s] -- Looking for ignition-common3-graphics -- found version 3.14.0
[0.761s] -- Searching for dependencies of ignition-common3-graphics
[0.761s] -- Looking for ignition-math6 -- found version 6.15.1
[0.762s] -- Looking for ignition-fuel_tools4 -- found version 4.4.0
[0.762s] -- Searching for dependencies of ignition-fuel_tools4
[0.793s] -- Checking for module 'jsoncpp'
[0.804s] --   Found jsoncpp, version 1.9.5
[0.838s] -- Checking for module 'libzip'
[0.850s] --   Found libzip, version 1.7.3
[0.879s] -- Looking for ignition-common3 -- found version 3.14.0
[0.879s] -- Looking for ignition-math6 -- found version 6.15.1
[0.880s] -- Looking for ignition-msgs5 -- found version 5.8.1
[0.880s] -- Gazebo version: 11.10
[0.884s] -- Found geometry_msgs: 4.2.3 (/opt/ros/humble/share/geometry_msgs/cmake)
[0.913s] -- Found sensor_msgs: 4.2.3 (/opt/ros/humble/share/sensor_msgs/cmake)
[0.970s] -- Found cv_bridge: 3.2.1 (/opt/ros/humble/share/cv_bridge/cmake)
[0.986s] -- Found ament_lint_auto: 0.12.10 (/opt/ros/humble/share/ament_lint_auto/cmake)
[1.044s] -- Added test 'cppcheck' to perform static code analysis on C / C++ code
[1.045s] -- Configured cppcheck include dirs: 
[1.045s] -- Configured cppcheck exclude dirs and/or files: 
[1.045s] -- Added test 'lint_cmake' to check CMake code style
[1.046s] -- Added test 'uncrustify' to check C / C++ code style
[1.046s] -- Configured uncrustify additional arguments: 
[1.046s] -- Added test 'xmllint' to check XML markup files
[1.047s] -- Configuring done
[1.084s] -- Generating done
[1.086s] -- Build files have been written to: /home/matheus/repos/queue_system_ros2/build/queue_system
[1.095s] Invoked command in '/home/matheus/repos/queue_system_ros2/build/queue_system' returned '0': CMAKE_PREFIX_PATH=/opt/ros/humble /usr/bin/cmake /home/matheus/repos/queue_system_ros2/src/queue_system -DCMAKE_INSTALL_PREFIX=/home/matheus/repos/queue_system_ros2/install/queue_system
[1.096s] Invoking command in '/home/matheus/repos/queue_system_ros2/build/queue_system': CMAKE_PREFIX_PATH=/opt/ros/humble /usr/bin/cmake --build /home/matheus/repos/queue_system_ros2/build/queue_system -- -j12 -l12
[1.140s] [ 50%] [32mBuilding CXX object CMakeFiles/queue_system_exe.dir/src/main.cpp.o[0m
[1.461s] [01m[K/home/matheus/repos/queue_system_ros2/src/queue_system/src/main.cpp:[m[K In function â€˜[01m[Kint main(int, char**)[m[Kâ€™:
[1.461s] [01m[K/home/matheus/repos/queue_system_ros2/src/queue_system/src/main.cpp:13:13:[m[K [01;35m[Kwarning: [m[Ksuggest parentheses around assignment used as truth value [[01;35m[K]8;;https://gcc.gnu.org/onlinedocs/gcc/Warning-Options.html#index-Wparentheses-Wparentheses]8;;[m[K]
[1.461s]    13 |     if([01;35m[Kargc =! 2[m[K){
[1.461s]       |        [01;35m[K~~~~~^~~~[m[K
[1.466s] [01m[K/home/matheus/repos/queue_system_ros2/src/queue_system/src/main.cpp:21:5:[m[K [01;31m[Kerror: [m[Kâ€˜[01m[Kvideo_sink[m[Kâ€™ was not declared in this scope
[1.466s]    21 |     [01;31m[Kvideo_sink[m[K = gst_element_factory_make("autovideosink", "sink");
[1.466s]       |     [01;31m[K^~~~~~~~~~[m[K
[1.467s] [01m[K/home/matheus/repos/queue_system_ros2/src/queue_system/src/main.cpp:25:58:[m[K [01;31m[Kerror: [m[Kexpected primary-expression before â€˜[01m[K)[m[Kâ€™ token
[1.467s]    25 |     if(!pipeline || !source || !decoder || !video_sink ||[01;31m[K)[m[K{
[1.467s]       |                                                          [01;31m[K^[m[K
[1.473s] In file included from [01m[K/usr/include/glib-2.0/gobject/gobject.h:28[m[K,
[1.473s]                  from [01m[K/usr/include/glib-2.0/gobject/gbinding.h:29[m[K,
[1.473s]                  from [01m[K/usr/include/glib-2.0/glib-object.h:22[m[K,
[1.473s]                  from [01m[K/usr/include/gstreamer-1.0/gst/gstenumtypes.h:6[m[K,
[1.473s]                  from [01m[K/usr/include/gstreamer-1.0/gst/gst.h:31[m[K,
[1.473s]                  from [01m[K/home/matheus/repos/queue_system_ros2/src/queue_system/src/main.cpp:1[m[K:
[1.473s] [01m[K/home/matheus/repos/queue_system_ros2/src/queue_system/src/main.cpp:36:55:[m[K [01;31m[Kerror: [m[Kâ€˜[01m[Kon_pad_added[m[Kâ€™ was not declared in this scope
[1.474s]    36 |     g_signal_connect(decoder, "pad-added", G_CALLBACK([01;31m[Kon_pad_added[m[K), converter);
[1.474s]       |                                                       [01;31m[K^~~~~~~~~~~~[m[K
[1.474s] [01m[K/usr/include/glib-2.0/gobject/gsignal.h:508:60:[m[K [01;36m[Knote: [m[Kin definition of macro â€˜[01m[Kg_signal_connect[m[Kâ€™
[1.474s]   508 |     g_signal_connect_data ((instance), (detailed_signal), ([01;36m[Kc_handler[m[K), (data), NULL, (GConnectFlags) 0)
[1.474s]       |                                                            [01;36m[K^~~~~~~~~[m[K
[1.474s] [01m[K/home/matheus/repos/queue_system_ros2/src/queue_system/src/main.cpp:36:44:[m[K [01;36m[Knote: [m[Kin expansion of macro â€˜[01m[KG_CALLBACK[m[Kâ€™
[1.474s]    36 |     g_signal_connect(decoder, "pad-added", [01;36m[KG_CALLBACK[m[K(on_pad_added), converter);
[1.474s]       |                                            [01;36m[K^~~~~~~~~~[m[K
[1.476s] [01m[K/home/matheus/repos/queue_system_ros2/src/queue_system/src/main.cpp:39:5:[m[K [01;31m[Kerror: [m[Kâ€˜[01m[Kloop[m[Kâ€™ was not declared in this scope
[1.476s]    39 |     [01;31m[Kloop[m[K = g_main_loop_new(NULL, FALSE);
[1.476s]       |     [01;31m[K^~~~[m[K
[1.476s] [01m[K/home/matheus/repos/queue_system_ros2/src/queue_system/src/main.cpp:43:82:[m[K [01;31m[Kerror: [m[Kinvalid conversion from â€˜[01m[Kint[m[Kâ€™ to â€˜[01m[KGstMessageType[m[Kâ€™ [[01;31m[K]8;;https://gcc.gnu.org/onlinedocs/gcc/Warning-Options.html#index-fpermissive-fpermissive]8;;[m[K]
[1.476s]    43 |     msg = gst_bus_timed_pop_filtered(bus, GST_CLOCK_TIME_NONE, [01;31m[KGST_MESSAGE_ERROR | GST_MESSAGE_EOS[m[K);
[1.476s]       |                                                                [01;31m[K~~~~~~~~~~~~~~~~~~^~~~~~~~~~~~~~~~~[m[K
[1.476s]       |                                                                                  [01;31m[K|[m[K
[1.476s]       |                                                                                  [01;31m[Kint[m[K
[1.476s] In file included from [01m[K/usr/include/gstreamer-1.0/gst/gstelement.h:224[m[K,
[1.476s]                  from [01m[K/usr/include/gstreamer-1.0/gst/gstbin.h:27[m[K,
[1.476s]                  from [01m[K/usr/include/gstreamer-1.0/gst/gst.h:35[m[K,
[1.477s]                  from [01m[K/home/matheus/repos/queue_system_ros2/src/queue_system/src/main.cpp:1[m[K:
[1.477s] [01m[K/usr/include/gstreamer-1.0/gst/gstbus.h:183:109:[m[K [01;36m[Knote: [m[K  initializing argument 3 of â€˜[01m[KGstMessage* gst_bus_timed_pop_filtered(GstBus*, GstClockTime, GstMessageType)[m[Kâ€™
[1.477s]   183 | GstMessage *            gst_bus_timed_pop_filtered      (GstBus * bus, GstClockTime timeout, [01;36m[KGstMessageType types[m[K);
[1.477s]       |                                                                                              [01;36m[K~~~~~~~~~~~~~~~^~~~~[m[K
[1.477s] [01m[K/home/matheus/repos/queue_system_ros2/src/queue_system/src/main.cpp:6:37:[m[K [01;35m[Kwarning: [m[Kunused variable â€˜[01m[Ksink[m[Kâ€™ [[01;35m[K]8;;https://gcc.gnu.org/onlinedocs/gcc/Warning-Options.html#index-Wunused-variable-Wunused-variable]8;;[m[K]
[1.477s]     6 |     GstElement *pipeline, *source, *[01;35m[Ksink[m[K, *decoder, *converter;
[1.477s]       |                                     [01;35m[K^~~~[m[K
[1.477s] [01m[K/home/matheus/repos/queue_system_ros2/src/queue_system/src/main.cpp:9:13:[m[K [01;35m[Kwarning: [m[Kunused variable â€˜[01m[Kerror[m[Kâ€™ [[01;35m[K]8;;https://gcc.gnu.org/onlinedocs/gcc/Warning-Options.html#index-Wunused-variable-Wunused-variable]8;;[m[K]
[1.477s]     9 |     GError *[01;35m[Kerror[m[K = NULL;
[1.477s]       |             [01;35m[K^~~~~[m[K
[1.498s] gmake[2]: *** [CMakeFiles/queue_system_exe.dir/build.make:76: CMakeFiles/queue_system_exe.dir/src/main.cpp.o] Error 1
[1.498s] gmake[1]: *** [CMakeFiles/Makefile2:137: CMakeFiles/queue_system_exe.dir/all] Error 2
[1.498s] gmake: *** [Makefile:146: all] Error 2
[1.500s] Invoked command in '/home/matheus/repos/queue_system_ros2/build/queue_system' returned '2': CMAKE_PREFIX_PATH=/opt/ros/humble /usr/bin/cmake --build /home/matheus/repos/queue_system_ros2/build/queue_system -- -j12 -l12
