[0.044s] Invoking command in '/home/matheus/repos/queue_system_ros2/build/queue_system': CMAKE_PREFIX_PATH=/opt/ros/humble /usr/bin/cmake --build /home/matheus/repos/queue_system_ros2/build/queue_system -- -j12 -l12
[0.080s] [35m[1mConsolidate compiler generated dependencies of target queue_system_exe[0m
[0.094s] [ 50%] [32mBuilding CXX object CMakeFiles/queue_system_exe.dir/src/main.cpp.o[0m
[0.342s] [01m[K/home/matheus/repos/queue_system_ros2/src/queue_system/src/main.cpp:[m[K In function â€˜[01m[Kvoid on_pad_added(GstElement*, GstPad*, gpointer)[m[Kâ€™:
[0.342s] [01m[K/home/matheus/repos/queue_system_ros2/src/queue_system/src/main.cpp:4:38:[m[K [01;35m[Kwarning: [m[Kunused parameter â€˜[01m[Kelement[m[Kâ€™ [[01;35m[K]8;;https://gcc.gnu.org/onlinedocs/gcc/Warning-Options.html#index-Wunused-parameter-Wunused-parameter]8;;[m[K]
[0.342s]     4 | static void on_pad_added([01;35m[KGstElement *element[m[K, GstPad *pad, gpointer data) {
[0.342s]       |                          [01;35m[K~~~~~~~~~~~~^~~~~~~[m[K
[0.342s] [01m[K/home/matheus/repos/queue_system_ros2/src/queue_system/src/main.cpp:[m[K In function â€˜[01m[Kint main(int, char**)[m[Kâ€™:
[0.342s] [01m[K/home/matheus/repos/queue_system_ros2/src/queue_system/src/main.cpp:23:13:[m[K [01;35m[Kwarning: [m[Ksuggest parentheses around assignment used as truth value [[01;35m[K]8;;https://gcc.gnu.org/onlinedocs/gcc/Warning-Options.html#index-Wparentheses-Wparentheses]8;;[m[K]
[0.342s]    23 |     if([01;35m[Kargc =! 2[m[K){
[0.342s]       |        [01;35m[K~~~~~^~~~[m[K
[0.342s] [01m[K/home/matheus/repos/queue_system_ros2/src/queue_system/src/main.cpp:41:27:[m[K [01;35m[Kwarning: [m[Kmissing sentinel in function call [[01;35m[K]8;;https://gcc.gnu.org/onlinedocs/gcc/Warning-Options.html#index-Wformat=-Wformat=]8;;[m[K]
[0.342s]    41 |     if (!([01;35m[Kgst_bin_add_many(GST_BIN(pipeline), source, decoder, converter, video_sink)[m[K)){
[0.342s]       |           [01;35m[K~~~~~~~~~~~~~~~~^~~~~~~~~~~~~~~~~~~~~~~~~~~~~~~~~~~~~~~~~~~~~~~~~~~~~~~~~~~[m[K
[0.343s] [01m[K/home/matheus/repos/queue_system_ros2/src/queue_system/src/main.cpp:41:27:[m[K [01;31m[Kerror: [m[Kcould not convert â€˜[01m[Kgst_bin_add_many(((GstBin*)((void*)g_type_check_instance_cast(((GTypeInstance*)pipeline), gst_bin_get_type()))), source, decoder, converter, video_sink)[m[Kâ€™ from â€˜[01m[Kvoid[m[Kâ€™ to â€˜[01m[Kbool[m[Kâ€™
[0.343s]    41 |     if (![01;31m[K(gst_bin_add_many(GST_BIN(pipeline), source, decoder, converter, video_sink))[m[K){
[0.343s]       |          [01;31m[K~~~~~~~~~~~~~~~~~^~~~~~~~~~~~~~~~~~~~~~~~~~~~~~~~~~~~~~~~~~~~~~~~~~~~~~~~~~~~[m[K
[0.343s]       |                           [01;31m[K|[m[K
[0.343s]       |                           [01;31m[Kvoid[m[K
[0.343s] [01m[K/home/matheus/repos/queue_system_ros2/src/queue_system/src/main.cpp:41:27:[m[K [01;31m[Kerror: [m[Kin argument to unary !
[0.346s] [01m[K/home/matheus/repos/queue_system_ros2/src/queue_system/src/main.cpp:49:5:[m[K [01;31m[Kerror: [m[Kâ€˜[01m[Kloop[m[Kâ€™ was not declared in this scope
[0.346s]    49 |     [01;31m[Kloop[m[K = g_main_loop_new(NULL, FALSE);
[0.346s]       |     [01;31m[K^~~~[m[K
[0.346s] [01m[K/home/matheus/repos/queue_system_ros2/src/queue_system/src/main.cpp:53:82:[m[K [01;31m[Kerror: [m[Kinvalid conversion from â€˜[01m[Kint[m[Kâ€™ to â€˜[01m[KGstMessageType[m[Kâ€™ [[01;31m[K]8;;https://gcc.gnu.org/onlinedocs/gcc/Warning-Options.html#index-fpermissive-fpermissive]8;;[m[K]
[0.346s]    53 |     msg = gst_bus_timed_pop_filtered(bus, GST_CLOCK_TIME_NONE, [01;31m[KGST_MESSAGE_ERROR | GST_MESSAGE_EOS[m[K);
[0.346s]       |                                                                [01;31m[K~~~~~~~~~~~~~~~~~~^~~~~~~~~~~~~~~~~[m[K
[0.346s]       |                                                                                  [01;31m[K|[m[K
[0.346s]       |                                                                                  [01;31m[Kint[m[K
[0.347s] In file included from [01m[K/usr/include/gstreamer-1.0/gst/gstelement.h:224[m[K,
[0.347s]                  from [01m[K/usr/include/gstreamer-1.0/gst/gstbin.h:27[m[K,
[0.347s]                  from [01m[K/usr/include/gstreamer-1.0/gst/gst.h:35[m[K,
[0.347s]                  from [01m[K/home/matheus/repos/queue_system_ros2/src/queue_system/src/main.cpp:1[m[K:
[0.347s] [01m[K/usr/include/gstreamer-1.0/gst/gstbus.h:183:109:[m[K [01;36m[Knote: [m[K  initializing argument 3 of â€˜[01m[KGstMessage* gst_bus_timed_pop_filtered(GstBus*, GstClockTime, GstMessageType)[m[Kâ€™
[0.347s]   183 | GstMessage *            gst_bus_timed_pop_filtered      (GstBus * bus, GstClockTime timeout, [01;36m[KGstMessageType types[m[K);
[0.347s]       |                                                                                              [01;36m[K~~~~~~~~~~~~~~~^~~~~[m[K
[0.347s] [01m[K/home/matheus/repos/queue_system_ros2/src/queue_system/src/main.cpp:19:13:[m[K [01;35m[Kwarning: [m[Kunused variable â€˜[01m[Kerror[m[Kâ€™ [[01;35m[K]8;;https://gcc.gnu.org/onlinedocs/gcc/Warning-Options.html#index-Wunused-variable-Wunused-variable]8;;[m[K]
[0.347s]    19 |     GError *[01;35m[Kerror[m[K = NULL;
[0.347s]       |             [01;35m[K^~~~~[m[K
[0.367s] gmake[2]: *** [CMakeFiles/queue_system_exe.dir/build.make:76: CMakeFiles/queue_system_exe.dir/src/main.cpp.o] Error 1
[0.368s] gmake[1]: *** [CMakeFiles/Makefile2:137: CMakeFiles/queue_system_exe.dir/all] Error 2
[0.368s] gmake: *** [Makefile:146: all] Error 2
[0.371s] Invoked command in '/home/matheus/repos/queue_system_ros2/build/queue_system' returned '2': CMAKE_PREFIX_PATH=/opt/ros/humble /usr/bin/cmake --build /home/matheus/repos/queue_system_ros2/build/queue_system -- -j12 -l12
